<?xml version="1.0" encoding="UTF-8"?>
<testng-results skipped="0" failed="0" ignored="0" total="2" passed="2">
  <reporter-output>
  </reporter-output>
  <suite name="Default suite" duration-ms="13182" started-at="2018-02-06T01:45:35Z" finished-at="2018-02-06T01:45:48Z">
    <groups>
    </groups>
    <test name="Default test" duration-ms="13182" started-at="2018-02-06T01:45:35Z" finished-at="2018-02-06T01:45:48Z">
      <class name="TestNGSessions.TestNGBasic">
        <test-method status="PASS" signature="startUp()[pri:0, instance:TestNGSessions.TestNGBasic@5b275dab]" name="startUp" is-config="true" duration-ms="6246" started-at="2018-02-05T20:45:35Z" finished-at="2018-02-05T20:45:41Z">
          <reporter-output>
          </reporter-output>
        </test-method> <!-- startUp -->
        <test-method status="PASS" signature="verifyPageTitleTest()[pri:0, instance:TestNGSessions.TestNGBasic@5b275dab]" name="verifyPageTitleTest" duration-ms="35" started-at="2018-02-05T20:45:41Z" finished-at="2018-02-05T20:45:41Z">
          <reporter-output>
          </reporter-output>
        </test-method> <!-- verifyPageTitleTest -->
        <test-method status="PASS" signature="tearDown()[pri:0, instance:TestNGSessions.TestNGBasic@5b275dab]" name="tearDown" is-config="true" duration-ms="657" started-at="2018-02-05T20:45:41Z" finished-at="2018-02-05T20:45:42Z">
          <reporter-output>
          </reporter-output>
        </test-method> <!-- tearDown -->
        <test-method status="PASS" signature="startUp()[pri:0, instance:TestNGSessions.TestNGBasic@5b275dab]" name="startUp" is-config="true" duration-ms="5455" started-at="2018-02-05T20:45:42Z" finished-at="2018-02-05T20:45:47Z">
          <reporter-output>
          </reporter-output>
        </test-method> <!-- startUp -->
        <test-method status="PASS" signature="veryfyFreeCRMLogoTest()[pri:0, instance:TestNGSessions.TestNGBasic@5b275dab]" name="veryfyFreeCRMLogoTest" duration-ms="54" started-at="2018-02-05T20:45:47Z" finished-at="2018-02-05T20:45:47Z">
          <reporter-output>
          </reporter-output>
        </test-method> <!-- veryfyFreeCRMLogoTest -->
        <test-method status="PASS" signature="tearDown()[pri:0, instance:TestNGSessions.TestNGBasic@5b275dab]" name="tearDown" is-config="true" duration-ms="710" started-at="2018-02-05T20:45:47Z" finished-at="2018-02-05T20:45:48Z">
          <reporter-output>
          </reporter-output>
        </test-method> <!-- tearDown -->
      </class> <!-- TestNGSessions.TestNGBasic -->
    </test> <!-- Default test -->
  </suite> <!-- Default suite -->
</testng-results>
